<?xml version="1.0" encoding="UTF-8"?>
<testsuite xmlns:xsi="http://www.w3.org/2001/XMLSchema-instance" xsi:noNamespaceSchemaLocation="https://maven.apache.org/surefire/maven-surefire-plugin/xsd/surefire-test-report.xsd" name="uy.edu.ucu.aed.TNodoTrieTest" time="0.006" tests="7" errors="0" skipped="0" failures="0">
  <properties>
    <property name="java.specification.version" value="21"/>
    <property name="sun.cpu.isalist" value="amd64"/>
    <property name="sun.jnu.encoding" value="Cp1252"/>
    <property name="java.class.path" value="C:\Users\juana\OneDrive\Desktop\a ucu\año2\sem1\algoritmos y coso\obligatorio-tries-juanes\ObligatorioTrie\Tries\target\test-classes;C:\Users\juana\OneDrive\Desktop\a ucu\año2\sem1\algoritmos y coso\obligatorio-tries-juanes\ObligatorioTrie\Tries\target\classes;C:\Users\juana\.m2\repository\org\junit\jupiter\junit-jupiter-engine\5.1.0\junit-jupiter-engine-5.1.0.jar;C:\Users\juana\.m2\repository\org\apiguardian\apiguardian-api\1.0.0\apiguardian-api-1.0.0.jar;C:\Users\juana\.m2\repository\org\junit\platform\junit-platform-engine\1.1.0\junit-platform-engine-1.1.0.jar;C:\Users\juana\.m2\repository\org\junit\platform\junit-platform-commons\1.1.0\junit-platform-commons-1.1.0.jar;C:\Users\juana\.m2\repository\org\opentest4j\opentest4j\1.0.0\opentest4j-1.0.0.jar;C:\Users\juana\.m2\repository\org\junit\jupiter\junit-jupiter-api\5.1.0\junit-jupiter-api-5.1.0.jar;C:\Users\juana\.m2\repository\org\junit\vintage\junit-vintage-engine\5.1.0\junit-vintage-engine-5.1.0.jar;C:\Users\juana\.m2\repository\junit\junit\4.12\junit-4.12.jar;C:\Users\juana\.m2\repository\org\hamcrest\hamcrest-core\1.3\hamcrest-core-1.3.jar;"/>
    <property name="java.vm.vendor" value="Oracle Corporation"/>
    <property name="sun.arch.data.model" value="64"/>
    <property name="user.variant" value=""/>
    <property name="java.vendor.url" value="https://java.oracle.com/"/>
    <property name="user.timezone" value="America/Montevideo"/>
    <property name="os.name" value="Windows 11"/>
    <property name="java.vm.specification.version" value="21"/>
    <property name="user.country" value="UY"/>
    <property name="sun.java.launcher" value="SUN_STANDARD"/>
    <property name="sun.boot.library.path" value="C:\Program Files\Java\jdk-21\bin"/>
    <property name="sun.java.command" value="C:\Users\juana\AppData\Local\Temp\surefire1600384591783147000\surefirebooter5347863737215424810.jar C:\Users\juana\AppData\Local\Temp\surefire1600384591783147000 2024-06-21T18-42-01_108-jvmRun1 surefire18365632833370801300tmp surefire_02543128706673722554tmp"/>
    <property name="jdk.debug" value="release"/>
    <property name="test" value="uy.edu.ucu.aed.TNodoTrieTest"/>
    <property name="surefire.test.class.path" value="C:\Users\juana\OneDrive\Desktop\a ucu\año2\sem1\algoritmos y coso\obligatorio-tries-juanes\ObligatorioTrie\Tries\target\test-classes;C:\Users\juana\OneDrive\Desktop\a ucu\año2\sem1\algoritmos y coso\obligatorio-tries-juanes\ObligatorioTrie\Tries\target\classes;C:\Users\juana\.m2\repository\org\junit\jupiter\junit-jupiter-engine\5.1.0\junit-jupiter-engine-5.1.0.jar;C:\Users\juana\.m2\repository\org\apiguardian\apiguardian-api\1.0.0\apiguardian-api-1.0.0.jar;C:\Users\juana\.m2\repository\org\junit\platform\junit-platform-engine\1.1.0\junit-platform-engine-1.1.0.jar;C:\Users\juana\.m2\repository\org\junit\platform\junit-platform-commons\1.1.0\junit-platform-commons-1.1.0.jar;C:\Users\juana\.m2\repository\org\opentest4j\opentest4j\1.0.0\opentest4j-1.0.0.jar;C:\Users\juana\.m2\repository\org\junit\jupiter\junit-jupiter-api\5.1.0\junit-jupiter-api-5.1.0.jar;C:\Users\juana\.m2\repository\org\junit\vintage\junit-vintage-engine\5.1.0\junit-vintage-engine-5.1.0.jar;C:\Users\juana\.m2\repository\junit\junit\4.12\junit-4.12.jar;C:\Users\juana\.m2\repository\org\hamcrest\hamcrest-core\1.3\hamcrest-core-1.3.jar;"/>
    <property name="sun.cpu.endian" value="little"/>
    <property name="user.home" value="C:\Users\juana"/>
    <property name="user.language" value="es"/>
    <property name="java.specification.vendor" value="Oracle Corporation"/>
    <property name="java.version.date" value="2024-01-16"/>
    <property name="java.home" value="C:\Program Files\Java\jdk-21"/>
    <property name="file.separator" value="\"/>
    <property name="basedir" value="C:\Users\juana\OneDrive\Desktop\a ucu\año2\sem1\algoritmos y coso\obligatorio-tries-juanes\ObligatorioTrie\Tries"/>
    <property name="java.vm.compressedOopsMode" value="Zero based"/>
    <property name="line.separator" value="&#10;"/>
    <property name="java.vm.specification.vendor" value="Oracle Corporation"/>
    <property name="java.specification.name" value="Java Platform API Specification"/>
    <property name="surefire.real.class.path" value="C:\Users\juana\AppData\Local\Temp\surefire1600384591783147000\surefirebooter5347863737215424810.jar"/>
    <property name="user.script" value=""/>
    <property name="sun.management.compiler" value="HotSpot 64-Bit Tiered Compilers"/>
    <property name="java.runtime.version" value="21.0.2+13-LTS-58"/>
    <property name="user.name" value="juana"/>
    <property name="stdout.encoding" value="Cp1252"/>
    <property name="path.separator" value=";"/>
    <property name="os.version" value="10.0"/>
    <property name="java.runtime.name" value="Java(TM) SE Runtime Environment"/>
    <property name="file.encoding" value="UTF-8"/>
    <property name="java.vm.name" value="Java HotSpot(TM) 64-Bit Server VM"/>
    <property name="maven.ext.class.path" value="C:\Program Files\NetBeans-21\netbeans\java\maven-nblib\netbeans-eventspy.jar"/>
    <property name="localRepository" value="C:\Users\juana\.m2\repository"/>
    <property name="java.vendor.url.bug" value="https://bugreport.java.com/bugreport/"/>
    <property name="java.io.tmpdir" value="C:\Users\juana\AppData\Local\Temp\"/>
    <property name="java.version" value="21.0.2"/>
    <property name="user.dir" value="C:\Users\juana\OneDrive\Desktop\a ucu\año2\sem1\algoritmos y coso\obligatorio-tries-juanes\ObligatorioTrie\Tries"/>
    <property name="os.arch" value="amd64"/>
    <property name="java.vm.specification.name" value="Java Virtual Machine Specification"/>
    <property name="sun.os.patch.level" value=""/>
    <property name="native.encoding" value="Cp1252"/>
    <property name="java.library.path" value="C:\Program Files\Java\jdk-21\bin;C:\WINDOWS\Sun\Java\bin;C:\WINDOWS\system32;C:\WINDOWS;C:\Program Files\Common Files\Oracle\Java\javapath;C:\Python312\Scripts\;C:\Python312\;C:\Program Files (x86)\VMware\VMware Workstation\bin\;C:\WINDOWS\system32;C:\WINDOWS;C:\WINDOWS\System32\Wbem;C:\WINDOWS\System32\WindowsPowerShell\v1.0\;C:\WINDOWS\System32\OpenSSH\;C:\Program Files\dotnet\;C;C:\Program Files\Git\cmd;C:\Program Files\doxygen;C:\Program Files\mosquitto;C:\ProgramData\chocolatey\bin;C:\Program Files\nodejs\;C:\Users\juana\AppData\Local\Programs\Python\Python311\Scripts\;C:\Users\juana\AppData\Local\Programs\Python\Python311\;C:\Users\juana\AppData\Local\Microsoft\WindowsApps;C:\Users\juana\AppData\Local\Programs\Microsoft VS Code\bin;C:\Users\juana\.dotnet\tools;C:\Program Files\doxygen\bin;C:\Users\juana\AppData\Roaming\npm;C:\MinGW\bin;;."/>
    <property name="java.vm.info" value="mixed mode, sharing"/>
    <property name="stderr.encoding" value="Cp1252"/>
    <property name="java.vendor" value="Oracle Corporation"/>
    <property name="java.vm.version" value="21.0.2+13-LTS-58"/>
    <property name="sun.io.unicode.encoding" value="UnicodeLittle"/>
    <property name="java.class.version" value="65.0"/>
  </properties>
  <testcase name="testLPMwordInTrie" classname="uy.edu.ucu.aed.TNodoTrieTest" time="0.001"/>
  <testcase name="testLPMwordNotInTrie" classname="uy.edu.ucu.aed.TNodoTrieTest" time="0"/>
  <testcase name="testLPM" classname="uy.edu.ucu.aed.TNodoTrieTest" time="0"/>
  <testcase name="testPredecir" classname="uy.edu.ucu.aed.TNodoTrieTest" time="0"/>
  <testcase name="testImprimir" classname="uy.edu.ucu.aed.TNodoTrieTest" time="0"/>
  <testcase name="testBuscar" classname="uy.edu.ucu.aed.TNodoTrieTest" time="0.001"/>
  <testcase name="testInsertar" classname="uy.edu.ucu.aed.TNodoTrieTest" time="0"/>
</testsuite>